<?xml version="1.0" encoding="UTF-8"?>
<!-- Generated by org.testng.reporters.JUnitXMLReporter -->
<testsuite hostname="ToshibaPC" name="Default test(failed)(failed)" tests="4" failures="1" timestamp="15 Jun 2014 09:48:34 GMT" time="17.402" errors="0">
  <testcase name="notRightLogin" time="9.206" classname="com.autotesting.framework.TestClass_1"/>
  <testcase name="restablishPasswordAndLogin" time="4.659" classname="com.autotesting.framework.TestClass_1">
    <failure type="org.openqa.selenium.WebDriverException" message="chrome not reachable
  (Session info: chrome=35.0.1916.153)
  (Driver info: chromedriver=2.9.248315,platform=Windows NT 6.1 SP1 x86_64) (WARNING: The server did not provide any stacktrace information); duration or timeout: 2.01 seconds
Build info: version: &amp;apos;2.9.0&amp;apos;, revision: &amp;apos;14289&amp;apos;, time: &amp;apos;2011-10-20 23:22:17&amp;apos;
System info: os.name: &amp;apos;Windows 7&amp;apos;, os.arch: &amp;apos;x86&amp;apos;, os.version: &amp;apos;6.1&amp;apos;, java.version: &amp;apos;1.7.0_51&amp;apos;
Driver info: driver.version: RemoteWebDriver">
      <![CDATA[org.openqa.selenium.WebDriverException: chrome not reachable
  (Session info: chrome=35.0.1916.153)
  (Driver info: chromedriver=2.9.248315,platform=Windows NT 6.1 SP1 x86_64) (WARNING: The server did not provide any stacktrace information); duration or timeout: 2.01 seconds
Build info: version: '2.9.0', revision: '14289', time: '2011-10-20 23:22:17'
System info: os.name: 'Windows 7', os.arch: 'x86', os.version: '6.1', java.version: '1.7.0_51'
Driver info: driver.version: RemoteWebDriver
	at org.openqa.selenium.remote.ErrorHandler.createThrowable(ErrorHandler.java:147)
	at org.openqa.selenium.remote.ErrorHandler.throwIfResponseFailed(ErrorHandler.java:113)
	at org.openqa.selenium.remote.RemoteWebDriver.execute(RemoteWebDriver.java:417)
	at org.openqa.selenium.remote.RemoteWebDriver.findElement(RemoteWebDriver.java:202)
	at org.openqa.selenium.remote.RemoteWebDriver.findElementByXPath(RemoteWebDriver.java:275)
	at org.openqa.selenium.By$ByXPath.findElement(By.java:338)
	at org.openqa.selenium.remote.RemoteWebDriver.findElement(RemoteWebDriver.java:194)
	at com.autotesting.framework.TestClass_1.restablishPasswordAndLogin(TestClass_1.java:83)
... Removed 28 stack frames]]>
    </failure>
  </testcase> <!-- restablishPasswordAndLogin -->
  <testcase name="enterLogin" time="0.0" classname="com.autotesting.framework.TestClass_1">
    <skipped/>
  </testcase> <!-- enterLogin -->
  <testcase name="sendLetter" time="0.0" classname="com.autotesting.framework.TestClass_1">
    <skipped/>
  </testcase> <!-- sendLetter -->
</testsuite> <!-- Default test(failed)(failed) -->
